<?xml version="1.0" encoding="UTF-8"?>
<!-- Generated by org.testng.reporters.JUnitReportReporter -->
<testsuite hostname="SAJHNELGWN41481" name="com.testcases.ViewOfferTest" tests="1" failures="0" timestamp="15 Dec 2021 04:54:28 GMT" time="12.784" errors="0">
  <testcase name="viewingoffer" time="12.784" classname="com.testcases.ViewOfferTest"/>
</testsuite> <!-- com.testcases.ViewOfferTest -->
