<?xml version="1.0" encoding="UTF-8"?>
<!-- Generated by org.testng.reporters.JUnitReportReporter -->
<testsuite hostname="SAJHNELGWN41481" name="com.testcases.OrderItemTest" tests="1" failures="0" timestamp="15 Dec 2021 04:52:10 GMT" time="117.491" errors="0">
  <testcase name="orderItemsTest" time="117.491" classname="com.testcases.OrderItemTest"/>
</testsuite> <!-- com.testcases.OrderItemTest -->
