<?xml version="1.0" encoding="UTF-8"?>
<!-- Generated by org.testng.reporters.JUnitReportReporter -->
<testsuite hostname="SAJHNELGWN41481" name="com.testcases.LoginPageTest" tests="4" failures="0" timestamp="15 Dec 2021 04:52:10 GMT" time="230.035" errors="0">
  <testcase name="validateLoginTest" time="73.023" classname="com.testcases.LoginPageTest"/>
  <testcase name="validateLoginTest" time="71.650" classname="com.testcases.LoginPageTest"/>
  <testcase name="validateLoginTest" time="73.005" classname="com.testcases.LoginPageTest"/>
  <testcase name="titleTest" time="12.357" classname="com.testcases.LoginPageTest"/>
</testsuite> <!-- com.testcases.LoginPageTest -->
