<?xml version="1.0" encoding="UTF-8"?>
<!-- Generated by org.testng.reporters.JUnitReportReporter -->
<testsuite hostname="SAJHNELGWN41481" name="com.testcases.SortTestDOW" tests="1" failures="0" timestamp="15 Dec 2021 04:53:27 GMT" time="28.279" errors="0">
  <testcase name="dowSortItems" time="28.279" classname="com.testcases.SortTestDOW"/>
</testsuite> <!-- com.testcases.SortTestDOW -->
