<?xml version="1.0" encoding="UTF-8"?>
<!-- Generated by org.testng.reporters.JUnitReportReporter -->
<testsuite hostname="SAJHNELGWN41481" name="com.testcases.ChangeLocationTest" tests="1" failures="0" timestamp="15 Dec 2021 05:03:45 GMT" time="11.826" errors="0">
  <testcase name="changeLocation" time="11.826" classname="com.testcases.ChangeLocationTest"/>
</testsuite> <!-- com.testcases.ChangeLocationTest -->
